<?xml version="1.0" encoding="UTF-8"?>
<testsuite name="com.ivolve.AppTest" tests="1" skipped="0" failures="0" errors="0" timestamp="2025-10-20T09:00:52" hostname="node1" time="0.006">
  <properties/>
  <testcase name="testMainOutput" classname="com.ivolve.AppTest" time="0.006"/>
  <system-out><![CDATA[]]></system-out>
  <system-err><![CDATA[]]></system-err>
</testsuite>
